<?xml version="1.0" encoding="UTF-8"?>
<!-- Generated by org.testng.reporters.JUnitReportReporter -->
<testsuite hostname="AKHILs-Laptop4688" failures="0" tests="1" name="Amazon_Test.Amazon_ApplyCouponCode" time="238.393" errors="0" timestamp="2024-05-13T00:34:54 IST" skipped="0">
  <testcase classname="Amazon_Test.Amazon_ApplyCouponCode" name="ProductCheckoutProcess" time="238.393"/>
</testsuite> <!-- Amazon_Test.Amazon_ApplyCouponCode -->
