<?xml version="1.0" encoding="UTF-8"?>
<!-- Generated by org.testng.reporters.JUnitReportReporter -->
<testsuite hostname="AKHILs-Laptop4688" failures="0" tests="1" name="Amazon_Test.Amazon_SearchProductsWithFilters" time="63.446" errors="0" timestamp="2024-05-12T19:54:07 IST" skipped="0">
  <testcase classname="Amazon_Test.Amazon_SearchProductsWithFilters" name="SearchWithFilters" time="63.446"/>
</testsuite> <!-- Amazon_Test.Amazon_SearchProductsWithFilters -->
