<?xml version="1.0" encoding="UTF-8"?>
<!-- Generated by org.testng.reporters.JUnitReportReporter -->
<testsuite hostname="AKHILs-Laptop4688" failures="0" tests="1" name="Amazon_Test.Amazon_SuccessfullEditProfile" time="118.622" errors="0" timestamp="2024-05-12T19:48:58 IST" skipped="0">
  <testcase classname="Amazon_Test.Amazon_SuccessfullEditProfile" name="EditProfile" time="118.622"/>
</testsuite> <!-- Amazon_Test.Amazon_SuccessfullEditProfile -->
