<?xml version="1.0" encoding="UTF-8"?>
<!-- Generated by org.testng.reporters.JUnitReportReporter -->
<testsuite hostname="AKHILs-Laptop4688" failures="0" tests="1" name="Amazon_Test.Amazon_SuccesfulRegistration" time="70.141" errors="0" timestamp="2024-05-13T01:28:57 IST" skipped="0">
  <testcase classname="Amazon_Test.Amazon_SuccesfulRegistration" name="SuccessfullRegistration" time="70.141"/>
</testsuite> <!-- Amazon_Test.Amazon_SuccesfulRegistration -->
