<?xml version="1.0" encoding="UTF-8"?>
<!-- Generated by org.testng.reporters.JUnitReportReporter -->
<testsuite hostname="AKHILs-Laptop4688" failures="0" tests="1" name="Amazon_Test.Amazon_AddToCart_WithoutLogin" time="74.107" errors="0" timestamp="2024-05-13T01:11:30 IST" skipped="0">
  <testcase classname="Amazon_Test.Amazon_AddToCart_WithoutLogin" name="NavigateToCartsWithoutLogin" time="74.107"/>
</testsuite> <!-- Amazon_Test.Amazon_AddToCart_WithoutLogin -->
