<?xml version="1.0" encoding="UTF-8"?>
<!-- Generated by org.testng.reporters.JUnitReportReporter -->
<testsuite hostname="AKHILs-Laptop4688" failures="0" tests="1" name="Amazon_Test.Amazon_UpdateItemsInCart" time="45.158" errors="0" timestamp="2024-05-12T20:01:14 IST" skipped="0">
  <testcase classname="Amazon_Test.Amazon_UpdateItemsInCart" name="UpdateItemsInCart" time="45.158"/>
</testsuite> <!-- Amazon_Test.Amazon_UpdateItemsInCart -->
