<?xml version="1.0" encoding="UTF-8"?>
<!-- Generated by org.testng.reporters.JUnitReportReporter -->
<testsuite hostname="AKHILs-Laptop4688" failures="0" tests="1" name="Amazon_Test.Amazon_ValidSearchProductInformation" time="91.061" errors="0" timestamp="2024-05-12T22:04:36 IST" skipped="0">
  <testcase classname="Amazon_Test.Amazon_ValidSearchProductInformation" name="ValidateSearchProductDetails" time="91.061"/>
</testsuite> <!-- Amazon_Test.Amazon_ValidSearchProductInformation -->
