<?xml version="1.0" encoding="UTF-8"?>
<!-- Generated by org.testng.reporters.JUnitReportReporter -->
<testsuite hostname="AKHILs-Laptop4688" failures="0" tests="1" name="Amazon_Test.Amazon_SuccessfullLogin" time="87.588" errors="0" timestamp="2024-05-12T19:45:37 IST" skipped="0">
  <testcase classname="Amazon_Test.Amazon_SuccessfullLogin" name="successfulLogin" time="87.588"/>
</testsuite> <!-- Amazon_Test.Amazon_SuccessfullLogin -->
