<?xml version="1.0" encoding="UTF-8"?>
<!-- Generated by org.testng.reporters.JUnitReportReporter -->
<testsuite hostname="AKHILs-Laptop4688" failures="0" tests="1" name="Amazon_Test.Amazon_RateLastOrderdProduct" time="111.797" errors="0" timestamp="2024-05-13T01:17:55 IST" skipped="0">
  <testcase classname="Amazon_Test.Amazon_RateLastOrderdProduct" name="RateLastOrderedProduct" time="111.797"/>
</testsuite> <!-- Amazon_Test.Amazon_RateLastOrderdProduct -->
