<?xml version="1.0" encoding="UTF-8"?>
<!-- Generated by org.testng.reporters.JUnitReportReporter -->
<testsuite hostname="AKHILs-Laptop4688" failures="0" tests="1" name="Amazon_Test.Amazon_ProductCheckOut" time="169.892" errors="0" timestamp="2024-05-13T00:38:04 IST" skipped="0">
  <testcase classname="Amazon_Test.Amazon_ProductCheckOut" name="ProductCheckoutProcess" time="169.892"/>
</testsuite> <!-- Amazon_Test.Amazon_ProductCheckOut -->
